# JRE version: OpenJDK Runtime Environment (22.0.2+9) (build 22.0.2+9-70)
# Java VM: OpenJDK 64-Bit Server VM (22.0.2+9-70, mixed mode, emulated-client, sharing, tiered, compressed oops, compressed class ptrs, g1 gc, windows-amd64)
GC Precious Log:
 CardTable entry size: 512
 Card Set container configuration: InlinePtr #cards 5 size 8 Array Of Cards #cards 12 size 40 Howl #buckets 4 coarsen threshold 1843 Howl Bitmap #cards 512 size 80 coarsen threshold 460 Card regions per heap region 1 cards per card region 2048
 CPUs: 16 total, 16 available
 Memory: 7559M
 Large Page Support: Disabled
 NUMA Support: Disabled
 Compressed Oops: Enabled (32-bit)
 Heap Region Size: 1M
 Heap Min Capacity: 8M
 Heap Initial Capacity: 120M
 Heap Max Capacity: 1890M
 Pre-touch: Disabled
 Parallel Workers: 13
 Concurrent Workers: 3
 Concurrent Refinement Workers: 13
 Periodic GC: Disabled
Heap:
 garbage-first heap   total reserved 1935360K, committed 130048K, used 79091K [0x0000000089e00000, 0x0000000100000000)
  region size 1024K, 31 young (31744K), 8 survivors (8192K)
 Metaspace       used 116982K, committed 118016K, reserved 1179648K
  class space    used 16711K, committed 17216K, reserved 1048576K
GC Heap History (20 events):
Event: 1648.542 GC heap after
{Heap after GC invocations=37 (full 1):
 garbage-first heap   total reserved 1935360K, committed 101376K, used 58888K [0x0000000089e00000, 0x0000000100000000)
  region size 1024K, 2 young (2048K), 2 survivors (2048K)
 Metaspace       used 114561K, committed 115520K, reserved 1179648K
  class space    used 16411K, committed 16832K, reserved 1048576K
}
Event: 1649.648 GC heap before
{Heap before GC invocations=37 (full 1):
 garbage-first heap   total reserved 1935360K, committed 101376K, used 97800K [0x0000000089e00000, 0x0000000100000000)
  region size 1024K, 31 young (31744K), 2 survivors (2048K)
 Metaspace       used 115914K, committed 116864K, reserved 1179648K
  class space    used 16600K, committed 17024K, reserved 1048576K
}
Event: 1649.672 GC heap after
{Heap after GC invocations=38 (full 1):
 garbage-first heap   total reserved 1935360K, committed 106496K, used 57703K [0x0000000089e00000, 0x0000000100000000)
  region size 1024K, 3 young (3072K), 3 survivors (3072K)
 Metaspace       used 115914K, committed 116864K, reserved 1179648K
  class space    used 16600K, committed 17024K, reserved 1048576K
}
Event: 1654.463 GC heap before
{Heap before GC invocations=38 (full 1):
 garbage-first heap   total reserved 1935360K, committed 106496K, used 58727K [0x0000000089e00000, 0x0000000100000000)
  region size 1024K, 5 young (5120K), 3 survivors (3072K)
 Metaspace       used 115949K, committed 116864K, reserved 1179648K
  class space    used 16604K, committed 17024K, reserved 1048576K
}
Event: 1654.486 GC heap after
{Heap after GC invocations=39 (full 1):
 garbage-first heap   total reserved 1935360K, committed 106496K, used 57661K [0x0000000089e00000, 0x0000000100000000)
  region size 1024K, 3 young (3072K), 3 survivors (3072K)
 Metaspace       used 115949K, committed 116864K, reserved 1179648K
  class space    used 16604K, committed 17024K, reserved 1048576K
}
Event: 1866.028 GC heap before
{Heap before GC invocations=40 (full 1):
 garbage-first heap   total reserved 1935360K, committed 106496K, used 88381K [0x0000000089e00000, 0x0000000100000000)
  region size 1024K, 34 young (34816K), 3 survivors (3072K)
 Metaspace       used 115839K, committed 116928K, reserved 1179648K
  class space    used 16573K, committed 17024K, reserved 1048576K
}
Event: 1867.423 GC heap after
{Heap after GC invocations=41 (full 2):
 garbage-first heap   total reserved 1935360K, committed 106496K, used 44728K [0x0000000089e00000, 0x0000000100000000)
  region size 1024K, 0 young (0K), 0 survivors (0K)
 Metaspace       used 115821K, committed 116928K, reserved 1179648K
  class space    used 16568K, committed 17024K, reserved 1048576K
}
Event: 1869.534 GC heap before
{Heap before GC invocations=41 (full 2):
 garbage-first heap   total reserved 1935360K, committed 106496K, used 89784K [0x0000000089e00000, 0x0000000100000000)
  region size 1024K, 45 young (46080K), 0 survivors (0K)
 Metaspace       used 115979K, committed 116928K, reserved 1179648K
  class space    used 16595K, committed 17024K, reserved 1048576K
}
Event: 1869.551 GC heap after
{Heap after GC invocations=42 (full 2):
 garbage-first heap   total reserved 1935360K, committed 106496K, used 49409K [0x0000000089e00000, 0x0000000100000000)
  region size 1024K, 5 young (5120K), 5 survivors (5120K)
 Metaspace       used 115979K, committed 116928K, reserved 1179648K
  class space    used 16595K, committed 17024K, reserved 1048576K
}
Event: 1871.298 GC heap before
{Heap before GC invocations=43 (full 2):
 garbage-first heap   total reserved 1935360K, committed 106496K, used 92417K [0x0000000089e00000, 0x0000000100000000)
  region size 1024K, 47 young (48128K), 5 survivors (5120K)
 Metaspace       used 116305K, committed 117248K, reserved 1179648K
  class space    used 16647K, committed 17088K, reserved 1048576K
}
Event: 1871.324 GC heap after
{Heap after GC invocations=44 (full 2):
 garbage-first heap   total reserved 1935360K, committed 106496K, used 53871K [0x0000000089e00000, 0x0000000100000000)
  region size 1024K, 5 young (5120K), 5 survivors (5120K)
 Metaspace       used 116305K, committed 117248K, reserved 1179648K
  class space    used 16647K, committed 17088K, reserved 1048576K
}
Event: 1874.090 GC heap before
{Heap before GC invocations=44 (full 2):
 garbage-first heap   total reserved 1935360K, committed 106496K, used 92783K [0x0000000089e00000, 0x0000000100000000)
  region size 1024K, 43 young (44032K), 5 survivors (5120K)
 Metaspace       used 116718K, committed 117824K, reserved 1179648K
  class space    used 16722K, committed 17216K, reserved 1048576K
}
Event: 1874.102 GC heap after
{Heap after GC invocations=45 (full 2):
 garbage-first heap   total reserved 1935360K, committed 106496K, used 58620K [0x0000000089e00000, 0x0000000100000000)
  region size 1024K, 6 young (6144K), 6 survivors (6144K)
 Metaspace       used 116718K, committed 117824K, reserved 1179648K
  class space    used 16722K, committed 17216K, reserved 1048576K
}
Event: 1875.578 GC heap before
{Heap before GC invocations=45 (full 2):
 garbage-first heap   total reserved 1935360K, committed 106496K, used 63740K [0x0000000089e00000, 0x0000000100000000)
  region size 1024K, 12 young (12288K), 6 survivors (6144K)
 Metaspace       used 116721K, committed 117824K, reserved 1179648K
  class space    used 16723K, committed 17216K, reserved 1048576K
}
Event: 1875.667 GC heap after
{Heap after GC invocations=46 (full 3):
 garbage-first heap   total reserved 1935360K, committed 106496K, used 48411K [0x0000000089e00000, 0x0000000100000000)
  region size 1024K, 0 young (0K), 0 survivors (0K)
 Metaspace       used 116457K, committed 117824K, reserved 1179648K
  class space    used 16655K, committed 17216K, reserved 1048576K
}
Event: 1876.355 GC heap before
{Heap before GC invocations=46 (full 3):
 garbage-first heap   total reserved 1935360K, committed 106496K, used 89371K [0x0000000089e00000, 0x0000000100000000)
  region size 1024K, 41 young (41984K), 0 survivors (0K)
 Metaspace       used 116587K, committed 117824K, reserved 1179648K
  class space    used 16674K, committed 17216K, reserved 1048576K
}
Event: 1876.360 GC heap after
{Heap after GC invocations=47 (full 3):
 garbage-first heap   total reserved 1935360K, committed 130048K, used 52297K [0x0000000089e00000, 0x0000000100000000)
  region size 1024K, 4 young (4096K), 4 survivors (4096K)
 Metaspace       used 116587K, committed 117824K, reserved 1179648K
  class space    used 16674K, committed 17216K, reserved 1048576K
}
Event: 1877.628 GC heap before
{Heap before GC invocations=48 (full 3):
 garbage-first heap   total reserved 1935360K, committed 130048K, used 111689K [0x0000000089e00000, 0x0000000100000000)
  region size 1024K, 62 young (63488K), 4 survivors (4096K)
 Metaspace       used 116973K, committed 118016K, reserved 1179648K
  class space    used 16706K, committed 17216K, reserved 1048576K
}
Event: 1877.634 GC heap after
{Heap after GC invocations=49 (full 3):
 garbage-first heap   total reserved 1935360K, committed 130048K, used 56563K [0x0000000089e00000, 0x0000000100000000)
  region size 1024K, 8 young (8192K), 8 survivors (8192K)
 Metaspace       used 116973K, committed 118016K, reserved 1179648K
  class space    used 16706K, committed 17216K, reserved 1048576K
}
Event: 1891.106 GC heap before
{Heap before GC invocations=49 (full 3):
 garbage-first heap   total reserved 1935360K, committed 130048K, used 79091K [0x0000000089e00000, 0x0000000100000000)
  region size 1024K, 31 young (31744K), 8 survivors (8192K)
 Metaspace       used 116982K, committed 118016K, reserved 1179648K
  class space    used 16711K, committed 17216K, reserved 1048576K
}

